<?xml version="1.0" encoding="UTF-8"?>
<testng-results skipped="0" failed="0" total="1" passed="1">
  <reporter-output>
  </reporter-output>
  <suite name="Command line suite" duration-ms="47" started-at="2015-04-17T16:03:13Z" finished-at="2015-04-17T16:03:13Z">
    <groups>
    </groups>
    <test name="Command line test" duration-ms="47" started-at="2015-04-17T16:03:13Z" finished-at="2015-04-17T16:03:13Z">
      <class name="process.parser.PedidoDeserializerNGTest">
        <test-method status="PASS" signature="setUpClass()[pri:0, instance:process.parser.PedidoDeserializerNGTest@7f63425a]" name="setUpClass" is-config="true" duration-ms="20" started-at="2015-04-17T17:03:13Z" finished-at="2015-04-17T17:03:13Z">
          <reporter-output>
          </reporter-output>
        </test-method> <!-- setUpClass -->
        <test-method status="PASS" signature="setUpMethod()[pri:0, instance:process.parser.PedidoDeserializerNGTest@7f63425a]" name="setUpMethod" is-config="true" duration-ms="0" started-at="2015-04-17T17:03:13Z" finished-at="2015-04-17T17:03:13Z">
          <reporter-output>
          </reporter-output>
        </test-method> <!-- setUpMethod -->
        <test-method status="PASS" signature="testSomeMethod()[pri:0, instance:process.parser.PedidoDeserializerNGTest@7f63425a]" name="testSomeMethod" duration-ms="2" started-at="2015-04-17T17:03:13Z" finished-at="2015-04-17T17:03:13Z">
          <reporter-output>
          </reporter-output>
        </test-method> <!-- testSomeMethod -->
        <test-method status="PASS" signature="tearDownMethod()[pri:0, instance:process.parser.PedidoDeserializerNGTest@7f63425a]" name="tearDownMethod" is-config="true" duration-ms="0" started-at="2015-04-17T17:03:13Z" finished-at="2015-04-17T17:03:13Z">
          <reporter-output>
          </reporter-output>
        </test-method> <!-- tearDownMethod -->
        <test-method status="PASS" signature="tearDownClass()[pri:0, instance:process.parser.PedidoDeserializerNGTest@7f63425a]" name="tearDownClass" is-config="true" duration-ms="0" started-at="2015-04-17T17:03:13Z" finished-at="2015-04-17T17:03:13Z">
          <reporter-output>
          </reporter-output>
        </test-method> <!-- tearDownClass -->
      </class> <!-- process.parser.PedidoDeserializerNGTest -->
    </test> <!-- Command line test -->
  </suite> <!-- Command line suite -->
</testng-results>
